

Started GET "/" for 127.0.0.1 at 2014-11-20 13:13:30 -0600

ActiveRecord::PendingMigrationError - 

Migrations are pending. To resolve this issue, run:

	bin/rake db:migrate RAILS_ENV=development

:
  activerecord (4.1.6) lib/active_record/migration.rb:389:in `check_pending!'
  activerecord (4.1.6) lib/active_record/migration.rb:377:in `call'
  actionpack (4.1.6) lib/action_dispatch/middleware/callbacks.rb:29:in `block in call'
  activesupport (4.1.6) lib/active_support/callbacks.rb:82:in `run_callbacks'
  actionpack (4.1.6) lib/action_dispatch/middleware/callbacks.rb:27:in `call'
  actionpack (4.1.6) lib/action_dispatch/middleware/reloader.rb:73:in `call'
  actionpack (4.1.6) lib/action_dispatch/middleware/remote_ip.rb:76:in `call'
  better_errors (2.0.0) lib/better_errors/middleware.rb:84:in `protected_app_call'
  better_errors (2.0.0) lib/better_errors/middleware.rb:79:in `better_errors_call'
  better_errors (2.0.0) lib/better_errors/middleware.rb:57:in `call'
  actionpack (4.1.6) lib/action_dispatch/middleware/debug_exceptions.rb:17:in `call'
  actionpack (4.1.6) lib/action_dispatch/middleware/show_exceptions.rb:30:in `call'
  railties (4.1.6) lib/rails/rack/logger.rb:38:in `call_app'
  railties (4.1.6) lib/rails/rack/logger.rb:20:in `block in call'
  activesupport (4.1.6) lib/active_support/tagged_logging.rb:68:in `block in tagged'
  activesupport (4.1.6) lib/active_support/tagged_logging.rb:26:in `tagged'
  activesupport (4.1.6) lib/active_support/tagged_logging.rb:68:in `tagged'
  railties (4.1.6) lib/rails/rack/logger.rb:20:in `call'
  actionpack (4.1.6) lib/action_dispatch/middleware/request_id.rb:21:in `call'
  rack (1.5.2) lib/rack/methodoverride.rb:21:in `call'
  rack (1.5.2) lib/rack/runtime.rb:17:in `call'
  activesupport (4.1.6) lib/active_support/cache/strategy/local_cache_middleware.rb:26:in `call'
  rack (1.5.2) lib/rack/lock.rb:17:in `call'
  actionpack (4.1.6) lib/action_dispatch/middleware/static.rb:64:in `call'
  rack (1.5.2) lib/rack/sendfile.rb:112:in `call'
  railties (4.1.6) lib/rails/engine.rb:514:in `call'
  railties (4.1.6) lib/rails/application.rb:144:in `call'
  rack (1.5.2) lib/rack/lock.rb:17:in `call'
  rack (1.5.2) lib/rack/content_length.rb:14:in `call'
  rack (1.5.2) lib/rack/handler/webrick.rb:60:in `service'
  /System/Library/Frameworks/Ruby.framework/Versions/2.0/usr/lib/ruby/2.0.0/webrick/httpserver.rb:138:in `service'
  /System/Library/Frameworks/Ruby.framework/Versions/2.0/usr/lib/ruby/2.0.0/webrick/httpserver.rb:94:in `run'
  /System/Library/Frameworks/Ruby.framework/Versions/2.0/usr/lib/ruby/2.0.0/webrick/server.rb:295:in `block in start_thread'



Started POST "/__better_errors/941555d65fd0c2f4/variables" for 127.0.0.1 at 2014-11-20 13:13:31 -0600


Started GET "/" for 127.0.0.1 at 2014-11-20 13:14:21 -0600

ActiveRecord::PendingMigrationError - 

Migrations are pending. To resolve this issue, run:

	bin/rake db:migrate RAILS_ENV=development

:
  activerecord (4.1.6) lib/active_record/migration.rb:389:in `check_pending!'
  activerecord (4.1.6) lib/active_record/migration.rb:377:in `call'
  actionpack (4.1.6) lib/action_dispatch/middleware/callbacks.rb:29:in `block in call'
  activesupport (4.1.6) lib/active_support/callbacks.rb:82:in `run_callbacks'
  actionpack (4.1.6) lib/action_dispatch/middleware/callbacks.rb:27:in `call'
  actionpack (4.1.6) lib/action_dispatch/middleware/reloader.rb:73:in `call'
  actionpack (4.1.6) lib/action_dispatch/middleware/remote_ip.rb:76:in `call'
  better_errors (2.0.0) lib/better_errors/middleware.rb:84:in `protected_app_call'
  better_errors (2.0.0) lib/better_errors/middleware.rb:79:in `better_errors_call'
  better_errors (2.0.0) lib/better_errors/middleware.rb:57:in `call'
  actionpack (4.1.6) lib/action_dispatch/middleware/debug_exceptions.rb:17:in `call'
  actionpack (4.1.6) lib/action_dispatch/middleware/show_exceptions.rb:30:in `call'
  railties (4.1.6) lib/rails/rack/logger.rb:38:in `call_app'
  railties (4.1.6) lib/rails/rack/logger.rb:20:in `block in call'
  activesupport (4.1.6) lib/active_support/tagged_logging.rb:68:in `block in tagged'
  activesupport (4.1.6) lib/active_support/tagged_logging.rb:26:in `tagged'
  activesupport (4.1.6) lib/active_support/tagged_logging.rb:68:in `tagged'
  railties (4.1.6) lib/rails/rack/logger.rb:20:in `call'
  actionpack (4.1.6) lib/action_dispatch/middleware/request_id.rb:21:in `call'
  rack (1.5.2) lib/rack/methodoverride.rb:21:in `call'
  rack (1.5.2) lib/rack/runtime.rb:17:in `call'
  activesupport (4.1.6) lib/active_support/cache/strategy/local_cache_middleware.rb:26:in `call'
  rack (1.5.2) lib/rack/lock.rb:17:in `call'
  actionpack (4.1.6) lib/action_dispatch/middleware/static.rb:64:in `call'
  rack (1.5.2) lib/rack/sendfile.rb:112:in `call'
  railties (4.1.6) lib/rails/engine.rb:514:in `call'
  railties (4.1.6) lib/rails/application.rb:144:in `call'
  rack (1.5.2) lib/rack/lock.rb:17:in `call'
  rack (1.5.2) lib/rack/content_length.rb:14:in `call'
  rack (1.5.2) lib/rack/handler/webrick.rb:60:in `service'
  /System/Library/Frameworks/Ruby.framework/Versions/2.0/usr/lib/ruby/2.0.0/webrick/httpserver.rb:138:in `service'
  /System/Library/Frameworks/Ruby.framework/Versions/2.0/usr/lib/ruby/2.0.0/webrick/httpserver.rb:94:in `run'
  /System/Library/Frameworks/Ruby.framework/Versions/2.0/usr/lib/ruby/2.0.0/webrick/server.rb:295:in `block in start_thread'



Started POST "/__better_errors/8caa8f14ccd0030a/variables" for 127.0.0.1 at 2014-11-20 13:14:21 -0600


Started GET "/" for 127.0.0.1 at 2014-11-20 13:14:42 -0600

ActiveRecord::PendingMigrationError - 

Migrations are pending. To resolve this issue, run:

	bin/rake db:migrate RAILS_ENV=development

:
  activerecord (4.1.6) lib/active_record/migration.rb:389:in `check_pending!'
  activerecord (4.1.6) lib/active_record/migration.rb:377:in `call'
  actionpack (4.1.6) lib/action_dispatch/middleware/callbacks.rb:29:in `block in call'
  activesupport (4.1.6) lib/active_support/callbacks.rb:82:in `run_callbacks'
  actionpack (4.1.6) lib/action_dispatch/middleware/callbacks.rb:27:in `call'
  actionpack (4.1.6) lib/action_dispatch/middleware/reloader.rb:73:in `call'
  actionpack (4.1.6) lib/action_dispatch/middleware/remote_ip.rb:76:in `call'
  better_errors (2.0.0) lib/better_errors/middleware.rb:84:in `protected_app_call'
  better_errors (2.0.0) lib/better_errors/middleware.rb:79:in `better_errors_call'
  better_errors (2.0.0) lib/better_errors/middleware.rb:57:in `call'
  actionpack (4.1.6) lib/action_dispatch/middleware/debug_exceptions.rb:17:in `call'
  actionpack (4.1.6) lib/action_dispatch/middleware/show_exceptions.rb:30:in `call'
  railties (4.1.6) lib/rails/rack/logger.rb:38:in `call_app'
  railties (4.1.6) lib/rails/rack/logger.rb:20:in `block in call'
  activesupport (4.1.6) lib/active_support/tagged_logging.rb:68:in `block in tagged'
  activesupport (4.1.6) lib/active_support/tagged_logging.rb:26:in `tagged'
  activesupport (4.1.6) lib/active_support/tagged_logging.rb:68:in `tagged'
  railties (4.1.6) lib/rails/rack/logger.rb:20:in `call'
  actionpack (4.1.6) lib/action_dispatch/middleware/request_id.rb:21:in `call'
  rack (1.5.2) lib/rack/methodoverride.rb:21:in `call'
  rack (1.5.2) lib/rack/runtime.rb:17:in `call'
  activesupport (4.1.6) lib/active_support/cache/strategy/local_cache_middleware.rb:26:in `call'
  rack (1.5.2) lib/rack/lock.rb:17:in `call'
  actionpack (4.1.6) lib/action_dispatch/middleware/static.rb:64:in `call'
  rack (1.5.2) lib/rack/sendfile.rb:112:in `call'
  railties (4.1.6) lib/rails/engine.rb:514:in `call'
  railties (4.1.6) lib/rails/application.rb:144:in `call'
  rack (1.5.2) lib/rack/lock.rb:17:in `call'
  rack (1.5.2) lib/rack/content_length.rb:14:in `call'
  rack (1.5.2) lib/rack/handler/webrick.rb:60:in `service'
  /System/Library/Frameworks/Ruby.framework/Versions/2.0/usr/lib/ruby/2.0.0/webrick/httpserver.rb:138:in `service'
  /System/Library/Frameworks/Ruby.framework/Versions/2.0/usr/lib/ruby/2.0.0/webrick/httpserver.rb:94:in `run'
  /System/Library/Frameworks/Ruby.framework/Versions/2.0/usr/lib/ruby/2.0.0/webrick/server.rb:295:in `block in start_thread'



Started POST "/__better_errors/099e94d17ce8dc75/variables" for 127.0.0.1 at 2014-11-20 13:14:42 -0600


Started GET "/car_search" for 127.0.0.1 at 2014-11-20 13:16:11 -0600

ActiveRecord::PendingMigrationError - 

Migrations are pending. To resolve this issue, run:

	bin/rake db:migrate RAILS_ENV=development

:
  activerecord (4.1.6) lib/active_record/migration.rb:389:in `check_pending!'
  activerecord (4.1.6) lib/active_record/migration.rb:377:in `call'
  actionpack (4.1.6) lib/action_dispatch/middleware/callbacks.rb:29:in `block in call'
  activesupport (4.1.6) lib/active_support/callbacks.rb:82:in `run_callbacks'
  actionpack (4.1.6) lib/action_dispatch/middleware/callbacks.rb:27:in `call'
  actionpack (4.1.6) lib/action_dispatch/middleware/reloader.rb:73:in `call'
  actionpack (4.1.6) lib/action_dispatch/middleware/remote_ip.rb:76:in `call'
  better_errors (2.0.0) lib/better_errors/middleware.rb:84:in `protected_app_call'
  better_errors (2.0.0) lib/better_errors/middleware.rb:79:in `better_errors_call'
  better_errors (2.0.0) lib/better_errors/middleware.rb:57:in `call'
  actionpack (4.1.6) lib/action_dispatch/middleware/debug_exceptions.rb:17:in `call'
  actionpack (4.1.6) lib/action_dispatch/middleware/show_exceptions.rb:30:in `call'
  railties (4.1.6) lib/rails/rack/logger.rb:38:in `call_app'
  railties (4.1.6) lib/rails/rack/logger.rb:20:in `block in call'
  activesupport (4.1.6) lib/active_support/tagged_logging.rb:68:in `block in tagged'
  activesupport (4.1.6) lib/active_support/tagged_logging.rb:26:in `tagged'
  activesupport (4.1.6) lib/active_support/tagged_logging.rb:68:in `tagged'
  railties (4.1.6) lib/rails/rack/logger.rb:20:in `call'
  actionpack (4.1.6) lib/action_dispatch/middleware/request_id.rb:21:in `call'
  rack (1.5.2) lib/rack/methodoverride.rb:21:in `call'
  rack (1.5.2) lib/rack/runtime.rb:17:in `call'
  activesupport (4.1.6) lib/active_support/cache/strategy/local_cache_middleware.rb:26:in `call'
  rack (1.5.2) lib/rack/lock.rb:17:in `call'
  actionpack (4.1.6) lib/action_dispatch/middleware/static.rb:64:in `call'
  rack (1.5.2) lib/rack/sendfile.rb:112:in `call'
  railties (4.1.6) lib/rails/engine.rb:514:in `call'
  railties (4.1.6) lib/rails/application.rb:144:in `call'
  rack (1.5.2) lib/rack/lock.rb:17:in `call'
  rack (1.5.2) lib/rack/content_length.rb:14:in `call'
  rack (1.5.2) lib/rack/handler/webrick.rb:60:in `service'
  /System/Library/Frameworks/Ruby.framework/Versions/2.0/usr/lib/ruby/2.0.0/webrick/httpserver.rb:138:in `service'
  /System/Library/Frameworks/Ruby.framework/Versions/2.0/usr/lib/ruby/2.0.0/webrick/httpserver.rb:94:in `run'
  /System/Library/Frameworks/Ruby.framework/Versions/2.0/usr/lib/ruby/2.0.0/webrick/server.rb:295:in `block in start_thread'



Started POST "/__better_errors/033b2791c699ecc7/variables" for 127.0.0.1 at 2014-11-20 13:16:11 -0600


Started GET "/car_search" for 127.0.0.1 at 2014-11-20 13:17:57 -0600

ActiveRecord::PendingMigrationError - 

Migrations are pending. To resolve this issue, run:

	bin/rake db:migrate RAILS_ENV=development

:
  activerecord (4.1.6) lib/active_record/migration.rb:389:in `check_pending!'
  activerecord (4.1.6) lib/active_record/migration.rb:377:in `call'
  actionpack (4.1.6) lib/action_dispatch/middleware/callbacks.rb:29:in `block in call'
  activesupport (4.1.6) lib/active_support/callbacks.rb:82:in `run_callbacks'
  actionpack (4.1.6) lib/action_dispatch/middleware/callbacks.rb:27:in `call'
  actionpack (4.1.6) lib/action_dispatch/middleware/reloader.rb:73:in `call'
  actionpack (4.1.6) lib/action_dispatch/middleware/remote_ip.rb:76:in `call'
  better_errors (2.0.0) lib/better_errors/middleware.rb:84:in `protected_app_call'
  better_errors (2.0.0) lib/better_errors/middleware.rb:79:in `better_errors_call'
  better_errors (2.0.0) lib/better_errors/middleware.rb:57:in `call'
  actionpack (4.1.6) lib/action_dispatch/middleware/debug_exceptions.rb:17:in `call'
  actionpack (4.1.6) lib/action_dispatch/middleware/show_exceptions.rb:30:in `call'
  railties (4.1.6) lib/rails/rack/logger.rb:38:in `call_app'
  railties (4.1.6) lib/rails/rack/logger.rb:20:in `block in call'
  activesupport (4.1.6) lib/active_support/tagged_logging.rb:68:in `block in tagged'
  activesupport (4.1.6) lib/active_support/tagged_logging.rb:26:in `tagged'
  activesupport (4.1.6) lib/active_support/tagged_logging.rb:68:in `tagged'
  railties (4.1.6) lib/rails/rack/logger.rb:20:in `call'
  actionpack (4.1.6) lib/action_dispatch/middleware/request_id.rb:21:in `call'
  rack (1.5.2) lib/rack/methodoverride.rb:21:in `call'
  rack (1.5.2) lib/rack/runtime.rb:17:in `call'
  activesupport (4.1.6) lib/active_support/cache/strategy/local_cache_middleware.rb:26:in `call'
  rack (1.5.2) lib/rack/lock.rb:17:in `call'
  actionpack (4.1.6) lib/action_dispatch/middleware/static.rb:64:in `call'
  rack (1.5.2) lib/rack/sendfile.rb:112:in `call'
  railties (4.1.6) lib/rails/engine.rb:514:in `call'
  railties (4.1.6) lib/rails/application.rb:144:in `call'
  rack (1.5.2) lib/rack/lock.rb:17:in `call'
  rack (1.5.2) lib/rack/content_length.rb:14:in `call'
  rack (1.5.2) lib/rack/handler/webrick.rb:60:in `service'
  /System/Library/Frameworks/Ruby.framework/Versions/2.0/usr/lib/ruby/2.0.0/webrick/httpserver.rb:138:in `service'
  /System/Library/Frameworks/Ruby.framework/Versions/2.0/usr/lib/ruby/2.0.0/webrick/httpserver.rb:94:in `run'
  /System/Library/Frameworks/Ruby.framework/Versions/2.0/usr/lib/ruby/2.0.0/webrick/server.rb:295:in `block in start_thread'



Started POST "/__better_errors/6ad374f9df9d6c66/variables" for 127.0.0.1 at 2014-11-20 13:17:57 -0600
  [1m[36m (1.0ms)[0m  [1mCREATE TABLE "schema_migrations" ("version" varchar(255) NOT NULL) [0m
  [1m[35m (0.4ms)[0m  select sqlite_version(*)
  [1m[36m (0.8ms)[0m  [1mCREATE UNIQUE INDEX "unique_schema_migrations" ON "schema_migrations" ("version")[0m
  [1m[35mActiveRecord::SchemaMigration Load (0.1ms)[0m  SELECT "schema_migrations".* FROM "schema_migrations"
Migrating to CreateCars (20141026203333)
  [1m[36m (0.1ms)[0m  [1mbegin transaction[0m
  [1m[35m (0.3ms)[0m  CREATE TABLE "cars" ("id" INTEGER PRIMARY KEY AUTOINCREMENT NOT NULL, "brand" varchar(255), "name" varchar(255), "price" integer, "photo_url" varchar(255), "created_at" datetime, "updated_at" datetime) 
  [1m[36mSQL (0.2ms)[0m  [1mINSERT INTO "schema_migrations" ("version") VALUES (?)[0m  [["version", "20141026203333"]]
  [1m[35m (0.7ms)[0m  commit transaction
  [1m[36mActiveRecord::SchemaMigration Load (0.1ms)[0m  [1mSELECT "schema_migrations".* FROM "schema_migrations"[0m


Started GET "/car_search" for 127.0.0.1 at 2014-11-20 13:18:35 -0600
  [1m[36mActiveRecord::SchemaMigration Load (0.1ms)[0m  [1mSELECT "schema_migrations".* FROM "schema_migrations"[0m

ActionController::RoutingError (No route matches [GET] "/car_search"):
  actionpack (4.1.6) lib/action_dispatch/middleware/debug_exceptions.rb:21:in `call'
  actionpack (4.1.6) lib/action_dispatch/middleware/show_exceptions.rb:30:in `call'
  railties (4.1.6) lib/rails/rack/logger.rb:38:in `call_app'
  railties (4.1.6) lib/rails/rack/logger.rb:20:in `block in call'
  activesupport (4.1.6) lib/active_support/tagged_logging.rb:68:in `block in tagged'
  activesupport (4.1.6) lib/active_support/tagged_logging.rb:26:in `tagged'
  activesupport (4.1.6) lib/active_support/tagged_logging.rb:68:in `tagged'
  railties (4.1.6) lib/rails/rack/logger.rb:20:in `call'
  actionpack (4.1.6) lib/action_dispatch/middleware/request_id.rb:21:in `call'
  rack (1.5.2) lib/rack/methodoverride.rb:21:in `call'
  rack (1.5.2) lib/rack/runtime.rb:17:in `call'
  activesupport (4.1.6) lib/active_support/cache/strategy/local_cache_middleware.rb:26:in `call'
  rack (1.5.2) lib/rack/lock.rb:17:in `call'
  actionpack (4.1.6) lib/action_dispatch/middleware/static.rb:64:in `call'
  rack (1.5.2) lib/rack/sendfile.rb:112:in `call'
  railties (4.1.6) lib/rails/engine.rb:514:in `call'
  railties (4.1.6) lib/rails/application.rb:144:in `call'
  rack (1.5.2) lib/rack/lock.rb:17:in `call'
  rack (1.5.2) lib/rack/content_length.rb:14:in `call'
  rack (1.5.2) lib/rack/handler/webrick.rb:60:in `service'
  /System/Library/Frameworks/Ruby.framework/Versions/2.0/usr/lib/ruby/2.0.0/webrick/httpserver.rb:138:in `service'
  /System/Library/Frameworks/Ruby.framework/Versions/2.0/usr/lib/ruby/2.0.0/webrick/httpserver.rb:94:in `run'
  /System/Library/Frameworks/Ruby.framework/Versions/2.0/usr/lib/ruby/2.0.0/webrick/server.rb:295:in `block in start_thread'


  Rendered /Library/Ruby/Gems/2.0.0/gems/actionpack-4.1.6/lib/action_dispatch/middleware/templates/rescues/_trace.html.erb (0.8ms)
  Rendered /Library/Ruby/Gems/2.0.0/gems/actionpack-4.1.6/lib/action_dispatch/middleware/templates/routes/_route.html.erb (1.0ms)
  Rendered /Library/Ruby/Gems/2.0.0/gems/actionpack-4.1.6/lib/action_dispatch/middleware/templates/routes/_table.html.erb (6.0ms)
  Rendered /Library/Ruby/Gems/2.0.0/gems/actionpack-4.1.6/lib/action_dispatch/middleware/templates/rescues/routing_error.html.erb within rescues/layout (25.6ms)


Started GET "/car_search" for 127.0.0.1 at 2014-11-20 13:18:49 -0600

ActionController::RoutingError (No route matches [GET] "/car_search"):
  actionpack (4.1.6) lib/action_dispatch/middleware/debug_exceptions.rb:21:in `call'
  actionpack (4.1.6) lib/action_dispatch/middleware/show_exceptions.rb:30:in `call'
  railties (4.1.6) lib/rails/rack/logger.rb:38:in `call_app'
  railties (4.1.6) lib/rails/rack/logger.rb:20:in `block in call'
  activesupport (4.1.6) lib/active_support/tagged_logging.rb:68:in `block in tagged'
  activesupport (4.1.6) lib/active_support/tagged_logging.rb:26:in `tagged'
  activesupport (4.1.6) lib/active_support/tagged_logging.rb:68:in `tagged'
  railties (4.1.6) lib/rails/rack/logger.rb:20:in `call'
  actionpack (4.1.6) lib/action_dispatch/middleware/request_id.rb:21:in `call'
  rack (1.5.2) lib/rack/methodoverride.rb:21:in `call'
  rack (1.5.2) lib/rack/runtime.rb:17:in `call'
  activesupport (4.1.6) lib/active_support/cache/strategy/local_cache_middleware.rb:26:in `call'
  rack (1.5.2) lib/rack/lock.rb:17:in `call'
  actionpack (4.1.6) lib/action_dispatch/middleware/static.rb:64:in `call'
  rack (1.5.2) lib/rack/sendfile.rb:112:in `call'
  railties (4.1.6) lib/rails/engine.rb:514:in `call'
  railties (4.1.6) lib/rails/application.rb:144:in `call'
  rack (1.5.2) lib/rack/lock.rb:17:in `call'
  rack (1.5.2) lib/rack/content_length.rb:14:in `call'
  rack (1.5.2) lib/rack/handler/webrick.rb:60:in `service'
  /System/Library/Frameworks/Ruby.framework/Versions/2.0/usr/lib/ruby/2.0.0/webrick/httpserver.rb:138:in `service'
  /System/Library/Frameworks/Ruby.framework/Versions/2.0/usr/lib/ruby/2.0.0/webrick/httpserver.rb:94:in `run'
  /System/Library/Frameworks/Ruby.framework/Versions/2.0/usr/lib/ruby/2.0.0/webrick/server.rb:295:in `block in start_thread'


  Rendered /Library/Ruby/Gems/2.0.0/gems/actionpack-4.1.6/lib/action_dispatch/middleware/templates/rescues/_trace.html.erb (1.9ms)
  Rendered /Library/Ruby/Gems/2.0.0/gems/actionpack-4.1.6/lib/action_dispatch/middleware/templates/routes/_route.html.erb (1.0ms)
  Rendered /Library/Ruby/Gems/2.0.0/gems/actionpack-4.1.6/lib/action_dispatch/middleware/templates/routes/_table.html.erb (1.0ms)
  Rendered /Library/Ruby/Gems/2.0.0/gems/actionpack-4.1.6/lib/action_dispatch/middleware/templates/rescues/routing_error.html.erb within rescues/layout (17.1ms)


Started GET "/" for 127.0.0.1 at 2014-11-20 13:19:06 -0600
Processing by PagesController#index as HTML
  [1m[35mCar Load (0.6ms)[0m  SELECT  "cars".* FROM "cars"  WHERE (brand LIKE '%%')  ORDER BY price LIMIT 15 OFFSET 0
  [1m[36m (0.1ms)[0m  [1mSELECT COUNT(*) FROM "cars"  WHERE (brand LIKE '%%')[0m
  Rendered pages/index.html.erb within layouts/application (6.7ms)
Completed 200 OK in 1036ms (Views: 1009.4ms | ActiveRecord: 0.8ms)


Started GET "/assets/jquery.js?body=1" for 127.0.0.1 at 2014-11-20 13:19:07 -0600


Started GET "/assets/turbolinks.js?body=1" for 127.0.0.1 at 2014-11-20 13:19:07 -0600


Started GET "/assets/jquery_ujs.js?body=1" for 127.0.0.1 at 2014-11-20 13:19:07 -0600


Started GET "/assets/cars.js?body=1" for 127.0.0.1 at 2014-11-20 13:19:07 -0600


Started GET "/assets/pages.js?body=1" for 127.0.0.1 at 2014-11-20 13:19:07 -0600


Started GET "/assets/application.js?body=1" for 127.0.0.1 at 2014-11-20 13:19:07 -0600


Started GET "/assets/application.css?body=1" for 127.0.0.1 at 2014-11-20 13:19:07 -0600


Started GET "/" for 127.0.0.1 at 2014-11-21 11:29:46 -0600
Processing by PagesController#index as HTML
  [1m[35mCar Load (0.5ms)[0m  SELECT  "cars".* FROM "cars"  WHERE (brand LIKE '%%')  ORDER BY price LIMIT 15 OFFSET 0
  [1m[36m (0.1ms)[0m  [1mSELECT COUNT(*) FROM "cars"  WHERE (brand LIKE '%%')[0m
  Rendered pages/index.html.erb within layouts/application (3.5ms)
Completed 200 OK in 32ms (Views: 30.2ms | ActiveRecord: 0.6ms)


Started GET "/assets/turbolinks.js?body=1" for 127.0.0.1 at 2014-11-21 11:29:46 -0600


Started GET "/assets/jquery_ujs.js?body=1" for 127.0.0.1 at 2014-11-21 11:29:46 -0600


Started GET "/assets/cars.js?body=1" for 127.0.0.1 at 2014-11-21 11:29:46 -0600


Started GET "/assets/jquery.js?body=1" for 127.0.0.1 at 2014-11-21 11:29:46 -0600


Started GET "/assets/pages.js?body=1" for 127.0.0.1 at 2014-11-21 11:29:46 -0600


Started GET "/assets/application.js?body=1" for 127.0.0.1 at 2014-11-21 11:29:46 -0600


Started GET "/assets/application.css?body=1" for 127.0.0.1 at 2014-11-21 11:29:46 -0600


Started GET "/" for 127.0.0.1 at 2014-11-21 11:37:19 -0600
Processing by PagesController#index as HTML
  [1m[35mCar Load (0.5ms)[0m  SELECT  "cars".* FROM "cars"  WHERE (brand LIKE '%%')  ORDER BY price LIMIT 15 OFFSET 0
  [1m[36m (0.1ms)[0m  [1mSELECT COUNT(*) FROM "cars"  WHERE (brand LIKE '%%')[0m
  Rendered pages/index.html.erb within layouts/application (3.5ms)
Completed 200 OK in 32ms (Views: 29.9ms | ActiveRecord: 0.6ms)


Started GET "/assets/jquery_ujs.js?body=1" for 127.0.0.1 at 2014-11-21 11:37:19 -0600


Started GET "/assets/turbolinks.js?body=1" for 127.0.0.1 at 2014-11-21 11:37:19 -0600


Started GET "/assets/cars.js?body=1" for 127.0.0.1 at 2014-11-21 11:37:19 -0600


Started GET "/assets/pages.js?body=1" for 127.0.0.1 at 2014-11-21 11:37:19 -0600


Started GET "/assets/application.js?body=1" for 127.0.0.1 at 2014-11-21 11:37:19 -0600


Started GET "/assets/application.css?body=1" for 127.0.0.1 at 2014-11-21 11:37:19 -0600


Started GET "/assets/jquery.js?body=1" for 127.0.0.1 at 2014-11-21 11:37:19 -0600


Started GET "/" for 127.0.0.1 at 2014-11-21 11:37:23 -0600
Processing by PagesController#index as HTML
  [1m[35mCar Load (0.2ms)[0m  SELECT  "cars".* FROM "cars"  WHERE (brand LIKE '%%')  ORDER BY price LIMIT 15 OFFSET 0
  [1m[36m (0.1ms)[0m  [1mSELECT COUNT(*) FROM "cars"  WHERE (brand LIKE '%%')[0m
  Rendered pages/index.html.erb within layouts/application (2.2ms)
Completed 200 OK in 30ms (Views: 28.4ms | ActiveRecord: 0.3ms)


Started GET "/assets/jquery_ujs.js?body=1" for 127.0.0.1 at 2014-11-21 11:37:23 -0600


Started GET "/assets/turbolinks.js?body=1" for 127.0.0.1 at 2014-11-21 11:37:23 -0600


Started GET "/assets/jquery.js?body=1" for 127.0.0.1 at 2014-11-21 11:37:23 -0600


Started GET "/assets/pages.js?body=1" for 127.0.0.1 at 2014-11-21 11:37:23 -0600


Started GET "/assets/application.js?body=1" for 127.0.0.1 at 2014-11-21 11:37:23 -0600


Started GET "/assets/cars.js?body=1" for 127.0.0.1 at 2014-11-21 11:37:23 -0600


Started GET "/assets/application.css?body=1" for 127.0.0.1 at 2014-11-21 11:37:23 -0600


Started GET "/" for 127.0.0.1 at 2014-11-21 11:50:33 -0600
  [1m[36mActiveRecord::SchemaMigration Load (0.4ms)[0m  [1mSELECT "schema_migrations".* FROM "schema_migrations"[0m
Processing by PagesController#index as HTML
  [1m[35mCar Load (0.5ms)[0m  SELECT  "cars".* FROM "cars"  WHERE (brand LIKE '%%')  ORDER BY price LIMIT 15 OFFSET 0
  [1m[36m (0.1ms)[0m  [1mSELECT COUNT(*) FROM "cars"  WHERE (brand LIKE '%%')[0m
  Rendered pages/index.html.erb within layouts/application (9.7ms)
Completed 200 OK in 128ms (Views: 102.5ms | ActiveRecord: 0.8ms)


Started GET "/assets/jquery.js?body=1" for 127.0.0.1 at 2014-11-21 11:50:33 -0600


Started GET "/assets/turbolinks.js?body=1" for 127.0.0.1 at 2014-11-21 11:50:33 -0600


Started GET "/assets/cars.js?body=1" for 127.0.0.1 at 2014-11-21 11:50:33 -0600


Started GET "/assets/jquery_ujs.js?body=1" for 127.0.0.1 at 2014-11-21 11:50:33 -0600


Started GET "/assets/pages.js?body=1" for 127.0.0.1 at 2014-11-21 11:50:33 -0600


Started GET "/assets/application.js?body=1" for 127.0.0.1 at 2014-11-21 11:50:33 -0600


Started GET "/assets/application.css?body=1" for 127.0.0.1 at 2014-11-21 11:50:33 -0600


Started GET "/" for 127.0.0.1 at 2014-11-21 11:53:15 -0600
Processing by PagesController#index as HTML
  [1m[35mCar Load (0.7ms)[0m  SELECT  "cars".* FROM "cars"  WHERE (brand LIKE '%%')  ORDER BY price LIMIT 15 OFFSET 0
  [1m[36m (0.6ms)[0m  [1mSELECT COUNT(*) FROM "cars"  WHERE (brand LIKE '%%')[0m
  Rendered pages/index.html.erb within layouts/application (8.1ms)
Completed 200 OK in 47ms (Views: 44.2ms | ActiveRecord: 1.3ms)


Started GET "/assets/jquery_ujs.js?body=1" for 127.0.0.1 at 2014-11-21 11:53:15 -0600


Started GET "/assets/turbolinks.js?body=1" for 127.0.0.1 at 2014-11-21 11:53:15 -0600


Started GET "/assets/application.css?body=1" for 127.0.0.1 at 2014-11-21 11:53:15 -0600


Started GET "/assets/cars.js?body=1" for 127.0.0.1 at 2014-11-21 11:53:15 -0600


Started GET "/assets/application.js?body=1" for 127.0.0.1 at 2014-11-21 11:53:15 -0600


Started GET "/assets/pages.js?body=1" for 127.0.0.1 at 2014-11-21 11:53:15 -0600


Started GET "/assets/jquery.js?body=1" for 127.0.0.1 at 2014-11-21 11:53:15 -0600


Started GET "/" for 127.0.0.1 at 2014-11-21 11:59:36 -0600
Processing by PagesController#index as HTML
  [1m[35mCar Load (0.3ms)[0m  SELECT  "cars".* FROM "cars"  WHERE (brand LIKE '%%')  ORDER BY price LIMIT 15 OFFSET 0
  [1m[36m (0.2ms)[0m  [1mSELECT COUNT(*) FROM "cars"  WHERE (brand LIKE '%%')[0m
  Rendered pages/index.html.erb within layouts/application (3.8ms)
Completed 200 OK in 96ms (Views: 94.1ms | ActiveRecord: 0.5ms)


Started GET "/assets/jquery_ujs.js?body=1" for 127.0.0.1 at 2014-11-21 11:59:36 -0600


Started GET "/assets/turbolinks.js?body=1" for 127.0.0.1 at 2014-11-21 11:59:36 -0600


Started GET "/assets/pages.js?body=1" for 127.0.0.1 at 2014-11-21 11:59:36 -0600


Started GET "/assets/jquery.js?body=1" for 127.0.0.1 at 2014-11-21 11:59:36 -0600


Started GET "/assets/application.css?body=1" for 127.0.0.1 at 2014-11-21 11:59:36 -0600


Started GET "/assets/cars.js?body=1" for 127.0.0.1 at 2014-11-21 11:59:36 -0600


Started GET "/assets/application.js?body=1" for 127.0.0.1 at 2014-11-21 11:59:36 -0600


Started GET "/?utf8=%E2%9C%93&qs=taco&commit=Search+Brand" for 127.0.0.1 at 2014-11-21 12:08:34 -0600
Processing by PagesController#index as HTML
  Parameters: {"utf8"=>"✓", "qs"=>"taco", "commit"=>"Search Brand"}
  [1m[35mCar Load (0.8ms)[0m  SELECT  "cars".* FROM "cars"  WHERE (brand LIKE '%taco%')  ORDER BY price LIMIT 15 OFFSET 0
  [1m[36m (0.4ms)[0m  [1mSELECT COUNT(*) FROM "cars"  WHERE (brand LIKE '%taco%')[0m
  Rendered pages/index.html.erb within layouts/application (8.8ms)
Completed 200 OK in 44ms (Views: 41.7ms | ActiveRecord: 1.2ms)


Started GET "/assets/jquery.js?body=1" for 127.0.0.1 at 2014-11-21 12:08:34 -0600


Started GET "/assets/application.js?body=1" for 127.0.0.1 at 2014-11-21 12:08:34 -0600


Started GET "/assets/jquery_ujs.js?body=1" for 127.0.0.1 at 2014-11-21 12:08:34 -0600


Started GET "/assets/cars.js?body=1" for 127.0.0.1 at 2014-11-21 12:08:34 -0600


Started GET "/assets/turbolinks.js?body=1" for 127.0.0.1 at 2014-11-21 12:08:34 -0600


Started GET "/assets/pages.js?body=1" for 127.0.0.1 at 2014-11-21 12:08:34 -0600


Started GET "/assets/application.css?body=1" for 127.0.0.1 at 2014-11-21 12:08:34 -0600


Started GET "/?utf8=%E2%9C%93&qs=taco&commit=Search+Brand" for 127.0.0.1 at 2014-11-24 12:27:05 -0600
Processing by PagesController#index as HTML
  Parameters: {"utf8"=>"✓", "qs"=>"taco", "commit"=>"Search Brand"}
  [1m[35mCar Load (0.7ms)[0m  SELECT  "cars".* FROM "cars"  WHERE (brand LIKE '%taco%')  ORDER BY price LIMIT 15 OFFSET 0
  [1m[36m (0.9ms)[0m  [1mSELECT COUNT(*) FROM "cars"  WHERE (brand LIKE '%taco%')[0m
  Rendered pages/index.html.erb within layouts/application (10.6ms)
Completed 200 OK in 51ms (Views: 44.2ms | ActiveRecord: 1.7ms)


Started GET "/assets/jquery_ujs.js?body=1" for 127.0.0.1 at 2014-11-24 12:27:05 -0600


Started GET "/assets/jquery.js?body=1" for 127.0.0.1 at 2014-11-24 12:27:05 -0600


Started GET "/assets/application.css?body=1" for 127.0.0.1 at 2014-11-24 12:27:05 -0600


Started GET "/assets/application.js?body=1" for 127.0.0.1 at 2014-11-24 12:27:05 -0600


Started GET "/assets/pages.js?body=1" for 127.0.0.1 at 2014-11-24 12:27:05 -0600


Started GET "/assets/turbolinks.js?body=1" for 127.0.0.1 at 2014-11-24 12:27:05 -0600


Started GET "/assets/cars.js?body=1" for 127.0.0.1 at 2014-11-24 12:27:05 -0600


Started GET "/?utf8=%E2%9C%93&qs=taco&commit=Search+Brand" for 127.0.0.1 at 2014-11-24 12:27:52 -0600
Processing by PagesController#index as HTML
  Parameters: {"utf8"=>"✓", "qs"=>"taco", "commit"=>"Search Brand"}
  [1m[35mCar Load (0.6ms)[0m  SELECT  "cars".* FROM "cars"  WHERE (brand LIKE '%taco%')  ORDER BY price LIMIT 15 OFFSET 0
  [1m[36m (0.2ms)[0m  [1mSELECT COUNT(*) FROM "cars"  WHERE (brand LIKE '%taco%')[0m
  Rendered pages/index.html.erb within layouts/application (5.7ms)
Completed 200 OK in 43ms (Views: 39.3ms | ActiveRecord: 0.8ms)


Started GET "/assets/jquery.js?body=1" for 127.0.0.1 at 2014-11-24 12:27:52 -0600


Started GET "/assets/turbolinks.js?body=1" for 127.0.0.1 at 2014-11-24 12:27:52 -0600


Started GET "/assets/pages.js?body=1" for 127.0.0.1 at 2014-11-24 12:27:52 -0600


Started GET "/assets/application.css?body=1" for 127.0.0.1 at 2014-11-24 12:27:52 -0600


Started GET "/assets/application.js?body=1" for 127.0.0.1 at 2014-11-24 12:27:52 -0600


Started GET "/assets/cars.js?body=1" for 127.0.0.1 at 2014-11-24 12:27:52 -0600


Started GET "/assets/jquery_ujs.js?body=1" for 127.0.0.1 at 2014-11-24 12:27:52 -0600


Started GET "/?utf8=%E2%9C%93&qs=taco&commit=Search+Brand" for 127.0.0.1 at 2014-11-24 12:28:59 -0600
Processing by PagesController#index as HTML
  Parameters: {"utf8"=>"✓", "qs"=>"taco", "commit"=>"Search Brand"}
  [1m[35mCar Load (0.2ms)[0m  SELECT  "cars".* FROM "cars"  WHERE (brand LIKE '%taco%')  ORDER BY price LIMIT 15 OFFSET 0
  [1m[36m (0.2ms)[0m  [1mSELECT COUNT(*) FROM "cars"  WHERE (brand LIKE '%taco%')[0m
  Rendered pages/index.html.erb within layouts/application (3.5ms)
Completed 200 OK in 43ms (Views: 41.3ms | ActiveRecord: 0.4ms)


Started GET "/assets/jquery.js?body=1" for 127.0.0.1 at 2014-11-24 12:28:59 -0600


Started GET "/assets/jquery_ujs.js?body=1" for 127.0.0.1 at 2014-11-24 12:28:59 -0600


Started GET "/assets/turbolinks.js?body=1" for 127.0.0.1 at 2014-11-24 12:28:59 -0600


Started GET "/assets/cars.js?body=1" for 127.0.0.1 at 2014-11-24 12:28:59 -0600


Started GET "/assets/application.css?body=1" for 127.0.0.1 at 2014-11-24 12:28:59 -0600


Started GET "/assets/pages.js?body=1" for 127.0.0.1 at 2014-11-24 12:28:59 -0600


Started GET "/assets/application.js?body=1" for 127.0.0.1 at 2014-11-24 12:28:59 -0600
